Arguments: 
  C:\Program Files\nodejs\node.exe C:\Program Files (x86)\Yarn\bin\yarn.js add reques-promise

PATH: 
  C:\Program Files\Git\mingw64\bin;C:\Program Files\Git\usr\bin;C:\Users\zeye\bin;C:\Program Files\Microsoft SDKs\Azure\Azure Dev Spaces CLI (Preview);C:\Program Files (x86)\Microsoft SDKs\Azure\CLI2\wbin;C:\ProgramData\DockerDesktop\version-bin;C:\Program Files\Docker\Docker\Resources\bin;C:\Program Files (x86)\Common Files\Oracle\Java\javapath;C:\Program Files\Common Files\Microsoft Shared\Microsoft Online Services;C:\Program Files (x86)\Common Files\Microsoft Shared\Microsoft Online Services;C:\WINDOWS\system32;C:\WINDOWS;C:\WINDOWS\System32\Wbem;C:\WINDOWS\System32\WindowsPowerShell\v1.0;C:\WINDOWS\System32\OpenSSH;C:\Program Files\nodejs;C:\Program Files\Git\cmd;C:\Program Files\dotnet;C:\Program Files\Microsoft SQL Server\130\Tools\Binn;C:\Program Files (x86)\Microsoft SQL Server\150\DTS\Binn;C:\Go\bin;C:\Users\zeye\AppData\Local\Programs\Python\Python36\Scripts;C:\Users\zeye\AppData\Local\Programs\Python\Python36;C:\Users\zeye\AppData\Local\Microsoft\WindowsApps;C:\Users\zeye\AppData\Local\Programs\Microsoft VS Code\bin;C:\Users\zeye\AppData\Roaming\npm;C:\Users\zeye\go\bin;C:\Program Files (x86)\GnuWin32\bin;C:\JavaStack\zookeeper-3.4.12\bin;C:\JavaStack\apache-maven-3.6.0\bin;C:\Program Files ;C:\ProgramData\chocolatey\bin;C:\Program Files (x86)\Yarn\bin;C:\Program Files\Microsoft SQL Server\Client SDK\ODBC\170\Tools\Binn;%SystemRoot%\system32;%SystemRoot%;%SystemRoot%\System32\Wbem;%SYSTEMROOT%\System32\WindowsPowerShell\v1.0;%SYSTEMROOT%\System32\OpenSSH;C:\Users\zeye\AppData\Local\Programs\Python\Python36\Scripts;C:\Users\zeye\AppData\Local\Programs\Python\Python36;C:\Users\zeye\AppData\Local\Microsoft\WindowsApps;C:\Users\zeye\AppData\Local\Programs\Microsoft VS Code\bin;C:\Users\zeye\AppData\Roaming\npm;C:\Users\zeye\go\bin;C:\Program Files (x86)\GnuWin32\bin;C:\JavaStack\zookeeper-3.4.12\bin;C:\JavaStack\apache-maven-3.6.0\bin;C:\Program Files (x86)\Kubernetes\Minikube;C:\Program Files\JetBrains\IntelliJ IDEA Community Edition 2018.3.4\bin;C:\Users\zeye\AppData\Local\Yarn\bin;C:\Users\zeye\.dotnet\tools;C:\Users\zeye\QuickBin;C:\JavaStack\antlr;C:\Program Files\Java\jdk-12.0.1\bin;%USERPROFILE%\AppData\Local\Microsoft\WindowsApps

Yarn version: 
  1.13.0

Node version: 
  10.13.0

Platform: 
  win32 x64

Trace: 
  Error: https://registry.yarnpkg.com/reques-promise: Not found
      at Request.params.callback [as _callback] (C:\Program Files (x86)\Yarn\lib\cli.js:65364:18)
      at Request.self.callback (C:\Program Files (x86)\Yarn\lib\cli.js:129397:22)
      at Request.emit (events.js:182:13)
      at Request.<anonymous> (C:\Program Files (x86)\Yarn\lib\cli.js:130369:10)
      at Request.emit (events.js:182:13)
      at IncomingMessage.<anonymous> (C:\Program Files (x86)\Yarn\lib\cli.js:130291:12)
      at Object.onceWrapper (events.js:273:13)
      at IncomingMessage.emit (events.js:187:15)
      at endReadableNT (_stream_readable.js:1094:12)
      at process._tickCallback (internal/process/next_tick.js:63:19)

npm manifest: 
  {
    "name": "ParseImage",
    "version": "1.0.0",
    "main": "index.js",
    "license": "MIT"
  }

yarn manifest: 
  No manifest

Lockfile: 
  No lockfile
